e:\clr中腾\教师机监控台\教师机监控台\release\vc140.pdb
e:\clr中腾\教师机监控台\教师机监控台\release\电压源与电流源的等效变换.obj
e:\clr中腾\教师机监控台\教师机监控台\release\戴维南定理.obj
e:\clr中腾\教师机监控台\教师机监控台\release\成绩查询.obj
e:\clr中腾\教师机监控台\教师机监控台\release\成绩接收.obj
e:\clr中腾\教师机监控台\教师机监控台\release\基尔霍夫定律.obj
e:\clr中腾\教师机监控台\教师机监控台\release\叠加原理.obj
e:\clr中腾\教师机监控台\教师机监控台\release\元件伏安特性测试.obj
e:\clr中腾\教师机监控台\教师机监控台\release\二阶动态电路响应的研究.obj
e:\clr中腾\教师机监控台\教师机监控台\release\一阶电路的响应测试.obj
e:\clr中腾\教师机监控台\教师机监控台\release\vcvs实验.obj
e:\clr中腾\教师机监控台\教师机监控台\release\tool.obj
e:\clr中腾\教师机监控台\教师机监控台\release\todaytrial.obj
e:\clr中腾\教师机监控台\教师机监控台\release\screencapture.obj
e:\clr中腾\教师机监控台\教师机监控台\release\monitortrial.obj
e:\clr中腾\教师机监控台\教师机监控台\release\monitorload.obj
e:\clr中腾\教师机监控台\教师机监控台\release\mainwnd.obj
e:\clr中腾\教师机监控台\教师机监控台\release\main.obj
e:\clr中腾\教师机监控台\教师机监控台\release\lookstucom.obj
e:\clr中腾\教师机监控台\教师机监控台\release\longconnectserv.obj
e:\clr中腾\教师机监控台\教师机监控台\release\.netframework,version=v4.5.2.assemblyattributes.obj
e:\clr中腾\教师机监控台\教师机监控台\release\.netframework,version=v4.5.2.assemblyattributes.asm
e:\clr中腾\教师机监控台\教师机监控台\release\二端口网络的研究.obj
e:\clr中腾\教师机监控台\教师机监控台\release\教师机监控台.login.resources
e:\clr中腾\教师机监控台\教师机监控台\release\教师机监控台.lookstucom.resources
e:\clr中腾\教师机监控台\教师机监控台\release\教师机监控台.mainwnd.resources
e:\clr中腾\教师机监控台\教师机监控台\release\教师机监控台.screencapture.resources
e:\clr中腾\教师机监控台\教师机监控台\release\教师机监控台.todaytrial.resources
e:\clr中腾\教师机监控台\教师机监控台\release\教师机监控台.vcvs实验.resources
e:\clr中腾\教师机监控台\教师机监控台\release\教师机监控台.vcvs实验监控.resources
e:\clr中腾\教师机监控台\教师机监控台\release\教师机监控台.一阶电路的响应测试.resources
e:\clr中腾\教师机监控台\教师机监控台\release\教师机监控台.一阶电路的响应测试监控.resources
e:\clr中腾\教师机监控台\教师机监控台\release\教师机监控台.二阶动态电路响应的研究.resources
e:\clr中腾\教师机监控台\教师机监控台\release\教师机监控台.二阶动态电路响应的研究监控.resources
e:\clr中腾\教师机监控台\教师机监控台\release\教师机监控台.元件伏安特性测试.resources
e:\clr中腾\教师机监控台\教师机监控台\release\教师机监控台.元件伏安特性监控.resources
e:\clr中腾\教师机监控台\教师机监控台\release\教师机监控台.叠加原理.resources
e:\clr中腾\教师机监控台\教师机监控台\release\教师机监控台.叠加原理监控.resources
e:\clr中腾\教师机监控台\教师机监控台\release\教师机监控台.基尔霍夫定律.resources
e:\clr中腾\教师机监控台\教师机监控台\release\教师机监控台.基尔霍夫定律监控.resources
e:\clr中腾\教师机监控台\教师机监控台\release\教师机监控台.成绩查询.resources
e:\clr中腾\教师机监控台\教师机监控台\release\教师机监控台.戴维南定理.resources
e:\clr中腾\教师机监控台\教师机监控台\release\教师机监控台.戴维南定理监控.resources
e:\clr中腾\教师机监控台\教师机监控台\release\教师机监控台.数据接收控制.resources
e:\clr中腾\教师机监控台\教师机监控台\release\教师机监控台.电压源与电流源的等效变换.resources
e:\clr中腾\教师机监控台\教师机监控台\release\教师机监控台.电压源与电流源的等效变换监控.resources
e:\clr中腾\教师机监控台\教师机监控台\release\教师机监控台.二端口网络的研究监控.resources
e:\clr中腾\教师机监控台\教师机监控台\release\教师机监控台.二端口网络的研究.resources
e:\clr中腾\教师机监控台\教师机监控台\release\教师机监控台.最大功率传输条件的测定监控.resources
e:\clr中腾\教师机监控台\教师机监控台\release\教师机监控台.vcxproj.generateresource.cache
e:\clr中腾\教师机监控台\教师机监控台\release\教师机监控台.vcxprojresolveassemblyreference.cache
e:\clr中腾\教师机监控台\release\教师机监控台.pdb
e:\clr中腾\教师机监控台\教师机监控台\release\教师机监控台.tlog\cl.command.1.tlog
e:\clr中腾\教师机监控台\教师机监控台\release\教师机监控台.tlog\cl.read.1.tlog
e:\clr中腾\教师机监控台\教师机监控台\release\教师机监控台.tlog\cl.write.1.tlog
e:\clr中腾\教师机监控台\教师机监控台\release\教师机监控台.tlog\link.10140-cvtres.read.1.tlog
e:\clr中腾\教师机监控台\教师机监控台\release\教师机监控台.tlog\link.10140-cvtres.write.1.tlog
e:\clr中腾\教师机监控台\教师机监控台\release\教师机监控台.tlog\link.10140-rc.read.1.tlog
e:\clr中腾\教师机监控台\教师机监控台\release\教师机监控台.tlog\link.10140-rc.write.1.tlog
e:\clr中腾\教师机监控台\教师机监控台\release\教师机监控台.tlog\link.10140.read.1.tlog
e:\clr中腾\教师机监控台\教师机监控台\release\教师机监控台.tlog\link.10140.write.1.tlog
e:\clr中腾\教师机监控台\教师机监控台\release\教师机监控台.tlog\link.11812-cvtres.read.1.tlog
e:\clr中腾\教师机监控台\教师机监控台\release\教师机监控台.tlog\link.11812-cvtres.write.1.tlog
e:\clr中腾\教师机监控台\教师机监控台\release\教师机监控台.tlog\link.11812-rc.read.1.tlog
e:\clr中腾\教师机监控台\教师机监控台\release\教师机监控台.tlog\link.11812-rc.write.1.tlog
e:\clr中腾\教师机监控台\教师机监控台\release\教师机监控台.tlog\link.11812.read.1.tlog
e:\clr中腾\教师机监控台\教师机监控台\release\教师机监控台.tlog\link.11812.write.1.tlog
e:\clr中腾\教师机监控台\教师机监控台\release\教师机监控台.tlog\link.command.1.tlog
e:\clr中腾\教师机监控台\教师机监控台\release\教师机监控台.tlog\link.read.1.tlog
e:\clr中腾\教师机监控台\教师机监控台\release\教师机监控台.tlog\link.write.1.tlog
e:\clr中腾\教师机监控台\教师机监控台\release\教师机监控台.tlog\metagen.read.1.tlog
e:\clr中腾\教师机监控台\教师机监控台\release\教师机监控台.tlog\metagen.write.1.tlog
e:\clr中腾\教师机监控台\教师机监控台\release\教师机监控台.tlog\教师机监控台.write.1u.tlog
e:\clr中腾\教师机监控台\教师机监控台\release\教师机监控台.tlog\rsaenh.dll.bi
e:\clr中腾\教师机监控台\教师机监控台\release\教师机监控台.tlog\tzres.dll.bi
